{
  "stats": {
    "suites": 1,
    "tests": 2,
    "passes": 2,
    "pending": 0,
    "failures": 0,
    "start": "2025-09-18T04:08:27.521Z",
    "end": "2025-09-18T04:08:31.091Z",
    "duration": 3570,
    "testsRegistered": 2,
    "passPercent": 100,
    "pendingPercent": 0,
    "other": 0,
    "hasOther": false,
    "skipped": 0,
    "hasSkipped": false
  },
  "results": [
    {
      "uuid": "aba79dbc-3f7a-438d-bf67-89bf77c191c2",
      "title": "",
      "fullFile": "cypress\\e2e\\saucedemo\\waits.cy.js",
      "file": "cypress\\e2e\\saucedemo\\waits.cy.js",
      "beforeHooks": [],
      "afterHooks": [],
      "tests": [],
      "suites": [
        {
          "uuid": "b3faf797-d1d0-499f-88b3-848ee9d4848f",
          "title": "SauceDemo Wait Strategies with Logs",
          "fullFile": "",
          "file": "",
          "beforeHooks": [],
          "afterHooks": [],
          "tests": [
            {
              "title": "Implicit wait: Validate inventory items after login",
              "fullTitle": "SauceDemo Wait Strategies with Logs Implicit wait: Validate inventory items after login",
              "timedOut": null,
              "duration": 1210,
              "state": "passed",
              "speed": "fast",
              "pass": true,
              "fail": false,
              "pending": false,
              "context": null,
              "code": "cy.task('log', 'Visiting login page');\ncy.visit('https://www.saucedemo.com/');\ncy.task('log', 'Logging in with standard_user');\ncy.get('#user-name').type('standard_user');\ncy.get('#password').type('secret_sauce');\ncy.get('#login-button').click();\ncy.task('log', 'Verifying URL contains /inventory.html');\ncy.url().should('include', '/inventory.html'); //implict wait\ncy.task('log', 'Checking for inventory items (implicit wait)');\ncy.get('.inventory_item').should('have.length.greaterThan', 0);\ncy.task('log', 'Inventory items loaded successfully');",
              "err": {},
              "uuid": "f0664ed6-f3cc-43c9-942a-41e56d590583",
              "parentUUID": "b3faf797-d1d0-499f-88b3-848ee9d4848f",
              "isHook": false,
              "skipped": false
            },
            {
              "title": "Explicit wait: Wait for inventory API and validate item count",
              "fullTitle": "SauceDemo Wait Strategies with Logs Explicit wait: Wait for inventory API and validate item count",
              "timedOut": null,
              "duration": 999,
              "state": "passed",
              "speed": "fast",
              "pass": true,
              "fail": false,
              "pending": false,
              "context": null,
              "code": "cy.task('log', 'Visiting login page');\ncy.visit('https://www.saucedemo.com/');\ncy.task('log', 'Logging in with standard_user');\ncy.get('#user-name').type('standard_user');\ncy.get('#password').type('secret_sauce');\ncy.get('#login-button').click();\ncy.task('log', 'Explicit wait for inventory container to appear');\ncy.get('.inventory_list', {\n  timeout: 10000\n}).should('be.visible');\ncy.task('log', 'Validating visual element: Add to Cart button color');\ncy.get('.btn_inventory').first().should('be.visible').then($btn => {\n  const bgColor = $btn.css('background-color');\n  cy.task('log', `Button background color: ${bgColor}`);\n  expect(bgColor).to.exist;\n});\ncy.task('log', 'Visual validation complete');",
              "err": {},
              "uuid": "88869e10-1640-4fc9-a6e9-4836bf529d55",
              "parentUUID": "b3faf797-d1d0-499f-88b3-848ee9d4848f",
              "isHook": false,
              "skipped": false
            }
          ],
          "suites": [],
          "passes": [
            "f0664ed6-f3cc-43c9-942a-41e56d590583",
            "88869e10-1640-4fc9-a6e9-4836bf529d55"
          ],
          "failures": [],
          "pending": [],
          "skipped": [],
          "duration": 2209,
          "root": false,
          "rootEmpty": false,
          "_timeout": 2000
        }
      ],
      "passes": [],
      "failures": [],
      "pending": [],
      "skipped": [],
      "duration": 0,
      "root": true,
      "rootEmpty": true,
      "_timeout": 2000
    }
  ],
  "meta": {
    "mocha": {
      "version": "7.2.0"
    },
    "mochawesome": {
      "options": {
        "quiet": false,
        "reportFilename": "mochawesome",
        "saveHtml": false,
        "saveJson": true,
        "consoleReporter": "spec",
        "useInlineDiffs": false,
        "code": true
      },
      "version": "7.1.4"
    },
    "marge": {
      "options": {
        "reportDir": "cypress/reports",
        "overwrite": false,
        "html": false,
        "json": true
      },
      "version": "6.3.0"
    }
  }
}