{
  "stats": {
    "suites": 1,
    "tests": 1,
    "passes": 1,
    "pending": 0,
    "failures": 0,
    "start": "2025-09-18T04:08:19.731Z",
    "end": "2025-09-18T04:08:23.156Z",
    "duration": 3425,
    "testsRegistered": 1,
    "passPercent": 100,
    "pendingPercent": 0,
    "other": 0,
    "hasOther": false,
    "skipped": 0,
    "hasSkipped": false
  },
  "results": [
    {
      "uuid": "3fbed5ac-8b41-4bb1-a3a8-3d0595116cbf",
      "title": "",
      "fullFile": "cypress\\e2e\\saucedemo\\navigation.cy.js",
      "file": "cypress\\e2e\\saucedemo\\navigation.cy.js",
      "beforeHooks": [],
      "afterHooks": [],
      "tests": [],
      "suites": [
        {
          "uuid": "4ca78d4e-918f-4cdb-a395-7028a00f3696",
          "title": "Sauce Demo Spec",
          "fullFile": "",
          "file": "",
          "beforeHooks": [],
          "afterHooks": [],
          "tests": [
            {
              "title": "saucedemo",
              "fullTitle": "Sauce Demo Spec saucedemo",
              "timedOut": null,
              "duration": 1823,
              "state": "passed",
              "speed": "fast",
              "pass": true,
              "fail": false,
              "pending": false,
              "context": null,
              "code": "cy.visit('https://www.saucedemo.com/');\ncy.reload();\n// Login\ncy.get('[data-test=\"username\"]').clear().type('standard_user').should('have.value', 'standard_user');\ncy.get('[data-test=\"password\"]').clear().type('secret_sauce');\ncy.get('[data-test=\"login-button\"]').click();\n// Click the product\ncy.contains('[data-test=\"inventory-item-name\"]', 'Sauce Labs Backpack').click();\n// Assert navigation happened\ncy.url().should('include', '/inventory-item.html');\n// Go back\ncy.go('back');\ncy.url().should('include', '/inventory.html');\n// Go forward\ncy.go('forward');\ncy.url().should('include', '/inventory-item.html');",
              "err": {},
              "uuid": "818226e0-674b-41e9-a987-5e3fbf7c08e8",
              "parentUUID": "4ca78d4e-918f-4cdb-a395-7028a00f3696",
              "isHook": false,
              "skipped": false
            }
          ],
          "suites": [],
          "passes": [
            "818226e0-674b-41e9-a987-5e3fbf7c08e8"
          ],
          "failures": [],
          "pending": [],
          "skipped": [],
          "duration": 1823,
          "root": false,
          "rootEmpty": false,
          "_timeout": 2000
        }
      ],
      "passes": [],
      "failures": [],
      "pending": [],
      "skipped": [],
      "duration": 0,
      "root": true,
      "rootEmpty": true,
      "_timeout": 2000
    }
  ],
  "meta": {
    "mocha": {
      "version": "7.2.0"
    },
    "mochawesome": {
      "options": {
        "quiet": false,
        "reportFilename": "mochawesome",
        "saveHtml": false,
        "saveJson": true,
        "consoleReporter": "spec",
        "useInlineDiffs": false,
        "code": true
      },
      "version": "7.1.4"
    },
    "marge": {
      "options": {
        "reportDir": "cypress/reports",
        "overwrite": false,
        "html": false,
        "json": true
      },
      "version": "6.3.0"
    }
  }
}