{
  "stats": {
    "suites": 1,
    "tests": 2,
    "passes": 2,
    "pending": 0,
    "failures": 0,
    "start": "2025-09-18T04:08:11.422Z",
    "end": "2025-09-18T04:08:17.990Z",
    "duration": 6568,
    "testsRegistered": 2,
    "passPercent": 100,
    "pendingPercent": 0,
    "other": 0,
    "hasOther": false,
    "skipped": 0,
    "hasSkipped": false
  },
  "results": [
    {
      "uuid": "5aeffdaa-f3f8-404f-8ba9-07753639e78f",
      "title": "",
      "fullFile": "cypress\\e2e\\saucedemo\\hooks.cy.js",
      "file": "cypress\\e2e\\saucedemo\\hooks.cy.js",
      "beforeHooks": [],
      "afterHooks": [],
      "tests": [],
      "suites": [
        {
          "uuid": "1b877f36-5bcb-4c21-9aa6-adee01e96601",
          "title": "SauceDemo Test Suite with Full Hooks",
          "fullFile": "",
          "file": "",
          "beforeHooks": [],
          "afterHooks": [],
          "tests": [
            {
              "title": "Should display inventory items",
              "fullTitle": "SauceDemo Test Suite with Full Hooks Should display inventory items",
              "timedOut": null,
              "duration": 2248,
              "state": "passed",
              "speed": "fast",
              "pass": true,
              "fail": false,
              "pending": false,
              "context": null,
              "code": "cy.task('log', 'Checking inventory items');\ncy.get('.inventory_item').should('have.length.greaterThan', 0);",
              "err": {},
              "uuid": "97bc8e2d-589f-4e15-aac2-1f65afd96ed4",
              "parentUUID": "1b877f36-5bcb-4c21-9aa6-adee01e96601",
              "isHook": false,
              "skipped": false
            },
            {
              "title": "Should validate visual elements with named color logging",
              "fullTitle": "SauceDemo Test Suite with Full Hooks Should validate visual elements with named color logging",
              "timedOut": null,
              "duration": 1240,
              "state": "passed",
              "speed": "fast",
              "pass": true,
              "fail": false,
              "pending": false,
              "context": null,
              "code": "cy.task('log', 'Validating button color and label');\ncy.get('.btn_inventory').first().then($btn => {\n  const bgColor = $btn.css('background-color');\n  cy.task('log', `Button background color: ${bgColor}`);\n  expect(bgColor).to.exist;\n});",
              "err": {},
              "uuid": "04d0aa7c-adcd-40f8-beda-277c17baa0e3",
              "parentUUID": "1b877f36-5bcb-4c21-9aa6-adee01e96601",
              "isHook": false,
              "skipped": false
            }
          ],
          "suites": [],
          "passes": [
            "97bc8e2d-589f-4e15-aac2-1f65afd96ed4",
            "04d0aa7c-adcd-40f8-beda-277c17baa0e3"
          ],
          "failures": [],
          "pending": [],
          "skipped": [],
          "duration": 3488,
          "root": false,
          "rootEmpty": false,
          "_timeout": 2000
        }
      ],
      "passes": [],
      "failures": [],
      "pending": [],
      "skipped": [],
      "duration": 0,
      "root": true,
      "rootEmpty": true,
      "_timeout": 2000
    }
  ],
  "meta": {
    "mocha": {
      "version": "7.2.0"
    },
    "mochawesome": {
      "options": {
        "quiet": false,
        "reportFilename": "mochawesome",
        "saveHtml": false,
        "saveJson": true,
        "consoleReporter": "spec",
        "useInlineDiffs": false,
        "code": true
      },
      "version": "7.1.4"
    },
    "marge": {
      "options": {
        "reportDir": "cypress/reports",
        "overwrite": false,
        "html": false,
        "json": true
      },
      "version": "6.3.0"
    }
  }
}